<?xml version="1.0" encoding="UTF-8"?>
<testng-results total="1" passed="1" failed="0" skipped="0">
  <reporter-output>
    <line>
      <![CDATA[No of rows are::9]]>
    </line>
  </reporter-output>
  <suite started-at="2023-07-07T13:44:37Z" name="Default suite" finished-at="2023-07-07T13:45:19Z" duration-ms="42135">
    <groups>
    </groups>
    <test started-at="2023-07-07T13:44:37Z" name="Default test" finished-at="2023-07-07T13:45:19Z" duration-ms="42135">
      <class name="driverFactory.DriverScript">
        <test-method is-config="true" signature="setup()[pri:0, instance:driverFactory.DriverScript@4278284b]" started-at="2023-07-07T19:14:37Z" name="setup" finished-at="2023-07-07T19:14:42Z" duration-ms="5411" status="PASS">
          <reporter-output>
          </reporter-output>
        </test-method> <!-- setup -->
        <test-method signature="startTest()[pri:0, instance:driverFactory.DriverScript@4278284b]" started-at="2023-07-07T19:14:42Z" name="startTest" finished-at="2023-07-07T19:15:18Z" duration-ms="36039" status="PASS">
          <reporter-output>
            <line>
              <![CDATA[No of rows are::9]]>
            </line>
          </reporter-output>
        </test-method> <!-- startTest -->
        <test-method is-config="true" signature="tearDown()[pri:0, instance:driverFactory.DriverScript@4278284b]" started-at="2023-07-07T19:15:18Z" name="tearDown" finished-at="2023-07-07T19:15:19Z" duration-ms="645" status="PASS">
          <reporter-output>
          </reporter-output>
        </test-method> <!-- tearDown -->
      </class> <!-- driverFactory.DriverScript -->
    </test> <!-- Default test -->
  </suite> <!-- Default suite -->
</testng-results>
